[35m[1mScanning dependencies of target _mirte_msgs_generate_messages_check_deps_SetServoAngle[0m
[35m[1mScanning dependencies of target _mirte_msgs_generate_messages_check_deps_get_barcode[0m
[35m[1mScanning dependencies of target _mirte_msgs_generate_messages_check_deps_GetIntensityDigital[0m
[35m[1mScanning dependencies of target _mirte_msgs_generate_messages_check_deps_GetIMU[0m
[35m[1mScanning dependencies of target _mirte_msgs_generate_messages_check_deps_Encoder[0m
[35m[1mScanning dependencies of target _mirte_msgs_generate_messages_check_deps_Intensity[0m
[35m[1mScanning dependencies of target _mirte_msgs_generate_messages_check_deps_get_virtual_color[0m
[35m[1mScanning dependencies of target _mirte_msgs_generate_messages_check_deps_color[0m
[35m[1mScanning dependencies of target _mirte_msgs_generate_messages_check_deps_Keypad[0m
[35m[1mScanning dependencies of target sensor_msgs_generate_messages_eus[0m
[35m[1mScanning dependencies of target _mirte_msgs_generate_messages_check_deps_GetEncoder[0m
[35m[1mScanning dependencies of target _mirte_msgs_generate_messages_check_deps_Turn[0m
[35m[1mScanning dependencies of target std_msgs_generate_messages_eus[0m
[35m[1mScanning dependencies of target _mirte_msgs_generate_messages_check_deps_IntensityDigital[0m
[35m[1mScanning dependencies of target _mirte_msgs_generate_messages_check_deps_ServoPosition[0m
[  0%] Built target sensor_msgs_generate_messages_eus
[35m[1mScanning dependencies of target _mirte_msgs_generate_messages_check_deps_SetLEDValue[0m
[  0%] Built target _mirte_msgs_generate_messages_check_deps_get_barcode
[  0%] Built target _mirte_msgs_generate_messages_check_deps_get_virtual_color
[35m[1mScanning dependencies of target geometry_msgs_generate_messages_eus[0m
[35m[1mScanning dependencies of target _mirte_msgs_generate_messages_check_deps_Move[0m
[  0%] Built target std_msgs_generate_messages_eus
[  0%] Built target _mirte_msgs_generate_messages_check_deps_SetServoAngle
[  0%] Built target _mirte_msgs_generate_messages_check_deps_color
[  0%] Built target _mirte_msgs_generate_messages_check_deps_Keypad
[  0%] Built target _mirte_msgs_generate_messages_check_deps_GetEncoder
[  0%] Built target _mirte_msgs_generate_messages_check_deps_Encoder
[  0%] Built target geometry_msgs_generate_messages_eus
[  0%] Built target _mirte_msgs_generate_messages_check_deps_Intensity
[  0%] Built target _mirte_msgs_generate_messages_check_deps_ServoPosition
[35m[1mScanning dependencies of target _mirte_msgs_generate_messages_check_deps_GetKeypad[0m
[35m[1mScanning dependencies of target _mirte_msgs_generate_messages_check_deps_GetIntensity[0m
[35m[1mScanning dependencies of target _mirte_msgs_generate_messages_check_deps_SetMotorSpeed[0m
[  0%] Built target _mirte_msgs_generate_messages_check_deps_GetIMU
[35m[1mScanning dependencies of target _mirte_msgs_generate_messages_check_deps_GetPinValue[0m
[  0%] Built target _mirte_msgs_generate_messages_check_deps_Turn
[35m[1mScanning dependencies of target _mirte_msgs_generate_messages_check_deps_GetRange[0m
[35m[1mScanning dependencies of target sensor_msgs_generate_messages_nodejs[0m
[35m[1mScanning dependencies of target _mirte_msgs_generate_messages_check_deps_SetSingleLEDValue[0m
[35m[1mScanning dependencies of target geometry_msgs_generate_messages_nodejs[0m
[35m[1mScanning dependencies of target _mirte_msgs_generate_messages_check_deps_GetDistance[0m
[35m[1mScanning dependencies of target sensor_msgs_generate_messages_lisp[0m
[35m[1mScanning dependencies of target _mirte_msgs_generate_messages_check_deps_SetOLEDImage[0m
[35m[1mScanning dependencies of target std_msgs_generate_messages_nodejs[0m
[35m[1mScanning dependencies of target _mirte_msgs_generate_messages_check_deps_SetPinMode[0m
[  0%] Built target _mirte_msgs_generate_messages_check_deps_SetLEDValue
[35m[1mScanning dependencies of target _mirte_msgs_generate_messages_check_deps_SetPinValue[0m
[  0%] Built target _mirte_msgs_generate_messages_check_deps_GetKeypad
[  0%] Built target geometry_msgs_generate_messages_nodejs
[35m[1mScanning dependencies of target geometry_msgs_generate_messages_lisp[0m
[  0%] Built target _mirte_msgs_generate_messages_check_deps_GetIntensity
[  0%] Built target std_msgs_generate_messages_nodejs
[35m[1mScanning dependencies of target geometry_msgs_generate_messages_py[0m
[35m[1mScanning dependencies of target std_msgs_generate_messages_lisp[0m
[  0%] Built target _mirte_msgs_generate_messages_check_deps_SetMotorSpeed
[35m[1mScanning dependencies of target sensor_msgs_generate_messages_py[0m
[  0%] Built target sensor_msgs_generate_messages_lisp
[  0%] Built target _mirte_msgs_generate_messages_check_deps_IntensityDigital
[  0%] Built target sensor_msgs_generate_messages_nodejs
[  0%] Built target geometry_msgs_generate_messages_lisp
[  0%] Built target std_msgs_generate_messages_lisp
[  0%] Built target _mirte_msgs_generate_messages_check_deps_SetSingleLEDValue
[  0%] Built target _mirte_msgs_generate_messages_check_deps_Move
[  0%] Built target geometry_msgs_generate_messages_py
[  0%] Built target sensor_msgs_generate_messages_py
[35m[1mScanning dependencies of target std_msgs_generate_messages_cpp[0m
[35m[1mScanning dependencies of target geometry_msgs_generate_messages_cpp[0m
[  0%] Built target _mirte_msgs_generate_messages_check_deps_GetDistance
[35m[1mScanning dependencies of target sensor_msgs_generate_messages_cpp[0m
[  0%] Built target _mirte_msgs_generate_messages_check_deps_SetPinValue
[  0%] Built target geometry_msgs_generate_messages_cpp
[  0%] Built target sensor_msgs_generate_messages_cpp
[35m[1mScanning dependencies of target std_msgs_generate_messages_py[0m
[  0%] Built target _mirte_msgs_generate_messages_check_deps_GetPinValue
[  0%] Built target _mirte_msgs_generate_messages_check_deps_SetPinMode
[  0%] Built target _mirte_msgs_generate_messages_check_deps_SetOLEDImage
[  0%] Built target _mirte_msgs_generate_messages_check_deps_GetIntensityDigital
[  0%] Built target std_msgs_generate_messages_cpp
[  0%] Built target _mirte_msgs_generate_messages_check_deps_GetRange
[35m[1mScanning dependencies of target mirte_msgs_generate_messages_nodejs[0m
[35m[1mScanning dependencies of target mirte_msgs_generate_messages_cpp[0m
[35m[1mScanning dependencies of target mirte_msgs_generate_messages_eus[0m
[  0%] Built target std_msgs_generate_messages_py
[35m[1mScanning dependencies of target mirte_msgs_generate_messages_lisp[0m
[  1%] [34m[1mGenerating Javascript code from mirte_msgs/Encoder.msg[0m
[  2%] [34m[1mGenerating Javascript code from mirte_msgs/IntensityDigital.msg[0m
[  4%] [34m[1mGenerating Javascript code from mirte_msgs/color.msg[0m
[  3%] [34m[1mGenerating Javascript code from mirte_msgs/Keypad.msg[0m
[  4%] [34m[1mGenerating Javascript code from mirte_msgs/Intensity.msg[0m
[  5%] [34m[1mGenerating C++ code from mirte_msgs/Keypad.msg[0m
[  6%] [34m[1mGenerating C++ code from mirte_msgs/color.msg[0m
[  7%] [34m[1mGenerating C++ code from mirte_msgs/ServoPosition.msg[0m
[  7%] [34m[1mGenerating Javascript code from mirte_msgs/GetDistance.srv[0m
[  9%] [34m[1mGenerating C++ code from mirte_msgs/GetDistance.srv[0m
[  9%] [34m[1mGenerating Javascript code from mirte_msgs/ServoPosition.msg[0m
[ 10%] [34m[1mGenerating C++ code from mirte_msgs/GetIntensityDigital.srv[0m
[ 11%] [34m[1mGenerating EusLisp code from mirte_msgs/Encoder.msg[0m
[ 11%] [34m[1mGenerating C++ code from mirte_msgs/GetIntensity.srv[0m
[ 12%] [34m[1mGenerating Lisp code from mirte_msgs/Encoder.msg[0m
[ 12%] [34m[1mGenerating C++ code from mirte_msgs/IntensityDigital.msg[0m
[ 13%] [34m[1mGenerating C++ code from mirte_msgs/Encoder.msg[0m
[ 14%] [34m[1mGenerating C++ code from mirte_msgs/Intensity.msg[0m
[ 14%] [34m[1mGenerating EusLisp code from mirte_msgs/color.msg[0m
[ 15%] [34m[1mGenerating C++ code from mirte_msgs/GetEncoder.srv[0m
[35m[1mScanning dependencies of target mirte_msgs_generate_messages_py[0m
[ 16%] [34m[1mGenerating Javascript code from mirte_msgs/GetIntensity.srv[0m
[ 17%] [34m[1mGenerating Lisp code from mirte_msgs/Intensity.msg[0m
[ 17%] [34m[1mGenerating Lisp code from mirte_msgs/color.msg[0m
[ 18%] [34m[1mGenerating Lisp code from mirte_msgs/IntensityDigital.msg[0m
[ 20%] [34m[1mGenerating Javascript code from mirte_msgs/GetIntensityDigital.srv[0m
[ 21%] [34m[1mGenerating EusLisp code from mirte_msgs/Intensity.msg[0m
[ 21%] [34m[1mGenerating Python from MSG mirte_msgs/Encoder[0m
[ 22%] [34m[1mGenerating EusLisp code from mirte_msgs/IntensityDigital.msg[0m
[ 22%] [34m[1mGenerating C++ code from mirte_msgs/GetKeypad.srv[0m
[ 23%] [34m[1mGenerating Lisp code from mirte_msgs/Keypad.msg[0m
[ 24%] [34m[1mGenerating EusLisp code from mirte_msgs/GetDistance.srv[0m
[ 24%] [34m[1mGenerating Javascript code from mirte_msgs/GetKeypad.srv[0m
[ 25%] [34m[1mGenerating Python from MSG mirte_msgs/color[0m
[ 26%] [34m[1mGenerating Javascript code from mirte_msgs/GetEncoder.srv[0m
[ 27%] [34m[1mGenerating EusLisp code from mirte_msgs/GetIntensity.srv[0m
[ 27%] [34m[1mGenerating EusLisp code from mirte_msgs/Keypad.msg[0m
[ 28%] [34m[1mGenerating C++ code from mirte_msgs/SetPinMode.srv[0m
[ 28%] [34m[1mGenerating Lisp code from mirte_msgs/ServoPosition.msg[0m
[ 29%] [34m[1mGenerating EusLisp code from mirte_msgs/ServoPosition.msg[0m
[ 30%] [34m[1mGenerating Lisp code from mirte_msgs/GetDistance.srv[0m
[ 31%] [34m[1mGenerating Lisp code from mirte_msgs/GetIntensityDigital.srv[0m
[ 32%] [34m[1mGenerating C++ code from mirte_msgs/GetPinValue.srv[0m
[ 32%] [34m[1mGenerating Lisp code from mirte_msgs/GetEncoder.srv[0m
[ 33%] [34m[1mGenerating C++ code from mirte_msgs/SetPinValue.srv[0m
[ 34%] [34m[1mGenerating Lisp code from mirte_msgs/GetIntensity.srv[0m
[ 34%] [34m[1mGenerating EusLisp code from mirte_msgs/GetIntensityDigital.srv[0m
[ 34%] [34m[1mGenerating C++ code from mirte_msgs/SetLEDValue.srv[0m
[ 35%] [34m[1mGenerating Lisp code from mirte_msgs/GetKeypad.srv[0m
[ 36%] [34m[1mGenerating Javascript code from mirte_msgs/SetPinMode.srv[0m
[ 37%] [34m[1mGenerating Javascript code from mirte_msgs/SetPinValue.srv[0m
[ 38%] [34m[1mGenerating Javascript code from mirte_msgs/GetPinValue.srv[0m
[ 40%] [34m[1mGenerating EusLisp code from mirte_msgs/GetKeypad.srv[0m
[ 40%] [34m[1mGenerating Javascript code from mirte_msgs/SetLEDValue.srv[0m
[ 41%] [34m[1mGenerating Python from MSG mirte_msgs/IntensityDigital[0m
[ 42%] [34m[1mGenerating C++ code from mirte_msgs/SetSingleLEDValue.srv[0m
[ 42%] [34m[1mGenerating Lisp code from mirte_msgs/GetPinValue.srv[0m
[ 43%] [34m[1mGenerating Lisp code from mirte_msgs/SetPinMode.srv[0m
[ 44%] [34m[1mGenerating EusLisp code from mirte_msgs/GetEncoder.srv[0m
[ 45%] [34m[1mGenerating C++ code from mirte_msgs/SetOLEDImage.srv[0m
[ 46%] [34m[1mGenerating Javascript code from mirte_msgs/SetSingleLEDValue.srv[0m
[ 48%] [34m[1mGenerating Python from MSG mirte_msgs/Intensity[0m
[ 48%] [34m[1mGenerating C++ code from mirte_msgs/SetServoAngle.srv[0m
[ 49%] [34m[1mGenerating EusLisp code from mirte_msgs/SetPinMode.srv[0m
[ 50%] [34m[1mGenerating Lisp code from mirte_msgs/SetPinValue.srv[0m
[ 51%] [34m[1mGenerating Javascript code from mirte_msgs/SetOLEDImage.srv[0m
[ 51%] [34m[1mGenerating Python from MSG mirte_msgs/Keypad[0m
[ 51%] [34m[1mGenerating EusLisp code from mirte_msgs/GetPinValue.srv[0m
[ 52%] [34m[1mGenerating Python from MSG mirte_msgs/ServoPosition[0m
[ 53%] [34m[1mGenerating Lisp code from mirte_msgs/SetLEDValue.srv[0m
[ 54%] [34m[1mGenerating Python code from SRV mirte_msgs/GetDistance[0m
[ 55%] [34m[1mGenerating C++ code from mirte_msgs/get_barcode.srv[0m
[ 55%] [34m[1mGenerating C++ code from mirte_msgs/get_virtual_color.srv[0m
[ 57%] [34m[1mGenerating C++ code from mirte_msgs/Move.srv[0m
[ 57%] [34m[1mGenerating C++ code from mirte_msgs/SetMotorSpeed.srv[0m
[ 58%] [34m[1mGenerating Python code from SRV mirte_msgs/GetIntensity[0m
[ 60%] [34m[1mGenerating Lisp code from mirte_msgs/SetSingleLEDValue.srv[0m
[ 60%] [34m[1mGenerating C++ code from mirte_msgs/Turn.srv[0m
[ 61%] [34m[1mGenerating C++ code from mirte_msgs/GetIMU.srv[0m
[ 62%] [34m[1mGenerating C++ code from mirte_msgs/GetRange.srv[0m
[ 62%] [34m[1mGenerating Python code from SRV mirte_msgs/GetIntensityDigital[0m
[ 63%] [34m[1mGenerating Javascript code from mirte_msgs/SetServoAngle.srv[0m
[ 63%] [34m[1mGenerating Lisp code from mirte_msgs/SetOLEDImage.srv[0m
[ 64%] [34m[1mGenerating Python code from SRV mirte_msgs/GetEncoder[0m
[ 65%] [34m[1mGenerating Python code from SRV mirte_msgs/GetKeypad[0m
[ 65%] [34m[1mGenerating Javascript code from mirte_msgs/get_virtual_color.srv[0m
[ 66%] [34m[1mGenerating Lisp code from mirte_msgs/SetServoAngle.srv[0m
[ 67%] [34m[1mGenerating Python code from SRV mirte_msgs/GetPinValue[0m
[ 68%] [34m[1mGenerating Python code from SRV mirte_msgs/SetPinValue[0m
[ 68%] [34m[1mGenerating Python code from SRV mirte_msgs/SetPinMode[0m
[ 69%] [34m[1mGenerating Lisp code from mirte_msgs/get_virtual_color.srv[0m
[ 70%] [34m[1mGenerating Javascript code from mirte_msgs/get_barcode.srv[0m
[ 71%] [34m[1mGenerating Javascript code from mirte_msgs/SetMotorSpeed.srv[0m
[ 72%] [34m[1mGenerating Lisp code from mirte_msgs/get_barcode.srv[0m
[ 72%] [34m[1mGenerating Javascript code from mirte_msgs/Move.srv[0m
[ 73%] [34m[1mGenerating Python code from SRV mirte_msgs/SetLEDValue[0m
[ 74%] [34m[1mGenerating Lisp code from mirte_msgs/Move.srv[0m
[ 74%] [34m[1mGenerating Lisp code from mirte_msgs/SetMotorSpeed.srv[0m
[ 75%] [34m[1mGenerating Javascript code from mirte_msgs/Turn.srv[0m
[ 76%] [34m[1mGenerating Javascript code from mirte_msgs/GetIMU.srv[0m
[ 77%] [34m[1mGenerating Javascript code from mirte_msgs/GetRange.srv[0m
[ 78%] [34m[1mGenerating EusLisp code from mirte_msgs/SetPinValue.srv[0m
[ 80%] [34m[1mGenerating Lisp code from mirte_msgs/Turn.srv[0m
[ 81%] [34m[1mGenerating Python code from SRV mirte_msgs/SetOLEDImage[0m
[ 82%] [34m[1mGenerating Python code from SRV mirte_msgs/SetServoAngle[0m
[ 83%] [34m[1mGenerating Python code from SRV mirte_msgs/get_virtual_color[0m
[ 84%] [34m[1mGenerating Lisp code from mirte_msgs/GetIMU.srv[0m
[ 85%] [34m[1mGenerating Python code from SRV mirte_msgs/SetMotorSpeed[0m
[ 85%] [34m[1mGenerating Lisp code from mirte_msgs/GetRange.srv[0m
[ 85%] [34m[1mGenerating Python code from SRV mirte_msgs/SetSingleLEDValue[0m
[ 86%] [34m[1mGenerating Python code from SRV mirte_msgs/Move[0m
[ 87%] [34m[1mGenerating EusLisp code from mirte_msgs/SetLEDValue.srv[0m
[ 88%] [34m[1mGenerating EusLisp code from mirte_msgs/SetSingleLEDValue.srv[0m
[ 88%] [34m[1mGenerating EusLisp code from mirte_msgs/SetOLEDImage.srv[0m
[ 88%] [34m[1mGenerating Python code from SRV mirte_msgs/get_barcode[0m
[ 89%] [34m[1mGenerating EusLisp code from mirte_msgs/SetServoAngle.srv[0m
[ 90%] [34m[1mGenerating EusLisp code from mirte_msgs/get_virtual_color.srv[0m
[ 90%] Built target mirte_msgs_generate_messages_lisp
[ 91%] [34m[1mGenerating Python code from SRV mirte_msgs/Turn[0m
[ 91%] [34m[1mGenerating EusLisp code from mirte_msgs/get_barcode.srv[0m
[ 91%] Built target mirte_msgs_generate_messages_cpp
[ 91%] [34m[1mGenerating Python code from SRV mirte_msgs/GetIMU[0m
[ 92%] [34m[1mGenerating EusLisp code from mirte_msgs/SetMotorSpeed.srv[0m
[ 93%] [34m[1mGenerating Python code from SRV mirte_msgs/GetRange[0m
[ 94%] [34m[1mGenerating EusLisp code from mirte_msgs/Move.srv[0m
[ 95%] [34m[1mGenerating EusLisp code from mirte_msgs/Turn.srv[0m
[ 96%] [34m[1mGenerating EusLisp code from mirte_msgs/GetRange.srv[0m
[ 97%] [34m[1mGenerating EusLisp manifest code for mirte_msgs[0m
[ 97%] [34m[1mGenerating EusLisp code from mirte_msgs/GetIMU.srv[0m
[ 97%] Built target mirte_msgs_generate_messages_nodejs
[ 97%] Built target mirte_msgs_generate_messages_eus
[ 98%] [34m[1mGenerating Python msg __init__.py for mirte_msgs[0m
[100%] [34m[1mGenerating Python srv __init__.py for mirte_msgs[0m
[100%] Built target mirte_msgs_generate_messages_py
[35m[1mScanning dependencies of target mirte_msgs_generate_messages[0m
[100%] Built target mirte_msgs_generate_messages
