[  0%] Built target geometry_msgs_generate_messages_eus
[  0%] Built target sensor_msgs_generate_messages_eus
[  0%] Built target std_msgs_generate_messages_eus
[  0%] Built target _mirte_msgs_generate_messages_check_deps_get_barcode
[  0%] Built target _mirte_msgs_generate_messages_check_deps_Turn
[  0%] Built target _mirte_msgs_generate_messages_check_deps_SetServoAngle
[  0%] Built target _mirte_msgs_generate_messages_check_deps_Encoder
[  0%] Built target _mirte_msgs_generate_messages_check_deps_get_virtual_color
[  0%] Built target _mirte_msgs_generate_messages_check_deps_ServoPosition
[  0%] Built target _mirte_msgs_generate_messages_check_deps_IntensityDigital
[  0%] Built target _mirte_msgs_generate_messages_check_deps_SetLEDValue
[  0%] Built target _mirte_msgs_generate_messages_check_deps_GetKeypad
[  0%] Built target _mirte_msgs_generate_messages_check_deps_GetDistance
[  0%] Built target _mirte_msgs_generate_messages_check_deps_Keypad
[  0%] Built target std_msgs_generate_messages_nodejs
[  0%] Built target sensor_msgs_generate_messages_nodejs
[  0%] Built target sensor_msgs_generate_messages_lisp
[  0%] Built target geometry_msgs_generate_messages_lisp
[  0%] Built target _mirte_msgs_generate_messages_check_deps_GetIntensity
[  0%] Built target _mirte_msgs_generate_messages_check_deps_SetMotorSpeed
[  0%] Built target _mirte_msgs_generate_messages_check_deps_GetIMU
[  0%] Built target _mirte_msgs_generate_messages_check_deps_Move
[  0%] Built target _mirte_msgs_generate_messages_check_deps_SetPinValue
[  0%] Built target _mirte_msgs_generate_messages_check_deps_color
[  0%] Built target _mirte_msgs_generate_messages_check_deps_SetSingleLEDValue
[  0%] Built target std_msgs_generate_messages_lisp
[  0%] Built target _mirte_msgs_generate_messages_check_deps_GetRange
[  0%] Built target geometry_msgs_generate_messages_nodejs
[  0%] Built target _mirte_msgs_generate_messages_check_deps_SetPinMode
[  0%] Built target _mirte_msgs_generate_messages_check_deps_GetIntensityDigital
[  0%] Built target _mirte_msgs_generate_messages_check_deps_GetPinValue
[  0%] Built target _mirte_msgs_generate_messages_check_deps_GetEncoder
[  0%] Built target _mirte_msgs_generate_messages_check_deps_SetOLEDImage
[  0%] Built target geometry_msgs_generate_messages_py
[  0%] Built target geometry_msgs_generate_messages_cpp
[  0%] Built target sensor_msgs_generate_messages_cpp
[  0%] Built target std_msgs_generate_messages_py
[  0%] Built target std_msgs_generate_messages_cpp
[  0%] Built target sensor_msgs_generate_messages_py
[  0%] Built target _mirte_msgs_generate_messages_check_deps_Intensity
[ 20%] Built target mirte_msgs_generate_messages_eus
[ 44%] Built target mirte_msgs_generate_messages_nodejs
[ 75%] Built target mirte_msgs_generate_messages_lisp
[ 94%] Built target mirte_msgs_generate_messages_cpp
[100%] Built target mirte_msgs_generate_messages_py
[100%] Built target mirte_msgs_generate_messages
