Symlinking /home/xavier/Personal/ro47007_MDP/group7-epic-mirte-master-we-are-nr1/devel/lib/pkgconfig/mirte_msgs.pc
Symlinking /home/xavier/Personal/ro47007_MDP/group7-epic-mirte-master-we-are-nr1/devel/lib/python3/dist-packages/mirte_msgs/__init__.py
Symlinking /home/xavier/Personal/ro47007_MDP/group7-epic-mirte-master-we-are-nr1/devel/lib/python3/dist-packages/mirte_msgs/srv/_GetEncoder.py
Symlinking /home/xavier/Personal/ro47007_MDP/group7-epic-mirte-master-we-are-nr1/devel/lib/python3/dist-packages/mirte_msgs/srv/_GetDistance.py
Symlinking /home/xavier/Personal/ro47007_MDP/group7-epic-mirte-master-we-are-nr1/devel/lib/python3/dist-packages/mirte_msgs/srv/_get_barcode.py
Symlinking /home/xavier/Personal/ro47007_MDP/group7-epic-mirte-master-we-are-nr1/devel/lib/python3/dist-packages/mirte_msgs/srv/_SetSingleLEDValue.py
Symlinking /home/xavier/Personal/ro47007_MDP/group7-epic-mirte-master-we-are-nr1/devel/lib/python3/dist-packages/mirte_msgs/srv/_GetRange.py
Symlinking /home/xavier/Personal/ro47007_MDP/group7-epic-mirte-master-we-are-nr1/devel/lib/python3/dist-packages/mirte_msgs/srv/_Turn.py
Symlinking /home/xavier/Personal/ro47007_MDP/group7-epic-mirte-master-we-are-nr1/devel/lib/python3/dist-packages/mirte_msgs/srv/_get_virtual_color.py
Symlinking /home/xavier/Personal/ro47007_MDP/group7-epic-mirte-master-we-are-nr1/devel/lib/python3/dist-packages/mirte_msgs/srv/_GetIntensity.py
Symlinking /home/xavier/Personal/ro47007_MDP/group7-epic-mirte-master-we-are-nr1/devel/lib/python3/dist-packages/mirte_msgs/srv/_SetServoAngle.py
Symlinking /home/xavier/Personal/ro47007_MDP/group7-epic-mirte-master-we-are-nr1/devel/lib/python3/dist-packages/mirte_msgs/srv/_GetIMU.py
Symlinking /home/xavier/Personal/ro47007_MDP/group7-epic-mirte-master-we-are-nr1/devel/lib/python3/dist-packages/mirte_msgs/srv/__init__.py
Symlinking /home/xavier/Personal/ro47007_MDP/group7-epic-mirte-master-we-are-nr1/devel/lib/python3/dist-packages/mirte_msgs/srv/_SetPinMode.py
Symlinking /home/xavier/Personal/ro47007_MDP/group7-epic-mirte-master-we-are-nr1/devel/lib/python3/dist-packages/mirte_msgs/srv/_SetMotorSpeed.py
Symlinking /home/xavier/Personal/ro47007_MDP/group7-epic-mirte-master-we-are-nr1/devel/lib/python3/dist-packages/mirte_msgs/srv/_GetKeypad.py
Symlinking /home/xavier/Personal/ro47007_MDP/group7-epic-mirte-master-we-are-nr1/devel/lib/python3/dist-packages/mirte_msgs/srv/_SetOLEDImage.py
Symlinking /home/xavier/Personal/ro47007_MDP/group7-epic-mirte-master-we-are-nr1/devel/lib/python3/dist-packages/mirte_msgs/srv/_Move.py
Symlinking /home/xavier/Personal/ro47007_MDP/group7-epic-mirte-master-we-are-nr1/devel/lib/python3/dist-packages/mirte_msgs/srv/_SetPinValue.py
Symlinking /home/xavier/Personal/ro47007_MDP/group7-epic-mirte-master-we-are-nr1/devel/lib/python3/dist-packages/mirte_msgs/srv/_GetPinValue.py
Symlinking /home/xavier/Personal/ro47007_MDP/group7-epic-mirte-master-we-are-nr1/devel/lib/python3/dist-packages/mirte_msgs/srv/_GetIntensityDigital.py
Symlinking /home/xavier/Personal/ro47007_MDP/group7-epic-mirte-master-we-are-nr1/devel/lib/python3/dist-packages/mirte_msgs/srv/_SetLEDValue.py
Symlinking /home/xavier/Personal/ro47007_MDP/group7-epic-mirte-master-we-are-nr1/devel/lib/python3/dist-packages/mirte_msgs/msg/_Encoder.py
Symlinking /home/xavier/Personal/ro47007_MDP/group7-epic-mirte-master-we-are-nr1/devel/lib/python3/dist-packages/mirte_msgs/msg/_Keypad.py
Symlinking /home/xavier/Personal/ro47007_MDP/group7-epic-mirte-master-we-are-nr1/devel/lib/python3/dist-packages/mirte_msgs/msg/__init__.py
Symlinking /home/xavier/Personal/ro47007_MDP/group7-epic-mirte-master-we-are-nr1/devel/lib/python3/dist-packages/mirte_msgs/msg/_ServoPosition.py
Symlinking /home/xavier/Personal/ro47007_MDP/group7-epic-mirte-master-we-are-nr1/devel/lib/python3/dist-packages/mirte_msgs/msg/_Intensity.py
Symlinking /home/xavier/Personal/ro47007_MDP/group7-epic-mirte-master-we-are-nr1/devel/lib/python3/dist-packages/mirte_msgs/msg/_color.py
Symlinking /home/xavier/Personal/ro47007_MDP/group7-epic-mirte-master-we-are-nr1/devel/lib/python3/dist-packages/mirte_msgs/msg/_IntensityDigital.py
Symlinking /home/xavier/Personal/ro47007_MDP/group7-epic-mirte-master-we-are-nr1/devel/share/gennodejs/ros/mirte_msgs/_index.js
Symlinking /home/xavier/Personal/ro47007_MDP/group7-epic-mirte-master-we-are-nr1/devel/share/gennodejs/ros/mirte_msgs/srv/get_virtual_color.js
Symlinking /home/xavier/Personal/ro47007_MDP/group7-epic-mirte-master-we-are-nr1/devel/share/gennodejs/ros/mirte_msgs/srv/_index.js
Symlinking /home/xavier/Personal/ro47007_MDP/group7-epic-mirte-master-we-are-nr1/devel/share/gennodejs/ros/mirte_msgs/srv/get_barcode.js
Symlinking /home/xavier/Personal/ro47007_MDP/group7-epic-mirte-master-we-are-nr1/devel/share/gennodejs/ros/mirte_msgs/srv/SetOLEDImage.js
Symlinking /home/xavier/Personal/ro47007_MDP/group7-epic-mirte-master-we-are-nr1/devel/share/gennodejs/ros/mirte_msgs/srv/SetSingleLEDValue.js
Symlinking /home/xavier/Personal/ro47007_MDP/group7-epic-mirte-master-we-are-nr1/devel/share/gennodejs/ros/mirte_msgs/srv/GetRange.js
Symlinking /home/xavier/Personal/ro47007_MDP/group7-epic-mirte-master-we-are-nr1/devel/share/gennodejs/ros/mirte_msgs/srv/SetServoAngle.js
Symlinking /home/xavier/Personal/ro47007_MDP/group7-epic-mirte-master-we-are-nr1/devel/share/gennodejs/ros/mirte_msgs/srv/GetEncoder.js
Symlinking /home/xavier/Personal/ro47007_MDP/group7-epic-mirte-master-we-are-nr1/devel/share/gennodejs/ros/mirte_msgs/srv/GetKeypad.js
Symlinking /home/xavier/Personal/ro47007_MDP/group7-epic-mirte-master-we-are-nr1/devel/share/gennodejs/ros/mirte_msgs/srv/GetIntensity.js
Symlinking /home/xavier/Personal/ro47007_MDP/group7-epic-mirte-master-we-are-nr1/devel/share/gennodejs/ros/mirte_msgs/srv/GetIntensityDigital.js
Symlinking /home/xavier/Personal/ro47007_MDP/group7-epic-mirte-master-we-are-nr1/devel/share/gennodejs/ros/mirte_msgs/srv/SetPinValue.js
Symlinking /home/xavier/Personal/ro47007_MDP/group7-epic-mirte-master-we-are-nr1/devel/share/gennodejs/ros/mirte_msgs/srv/SetMotorSpeed.js
Symlinking /home/xavier/Personal/ro47007_MDP/group7-epic-mirte-master-we-are-nr1/devel/share/gennodejs/ros/mirte_msgs/srv/Turn.js
Symlinking /home/xavier/Personal/ro47007_MDP/group7-epic-mirte-master-we-are-nr1/devel/share/gennodejs/ros/mirte_msgs/srv/SetLEDValue.js
Symlinking /home/xavier/Personal/ro47007_MDP/group7-epic-mirte-master-we-are-nr1/devel/share/gennodejs/ros/mirte_msgs/srv/GetDistance.js
Symlinking /home/xavier/Personal/ro47007_MDP/group7-epic-mirte-master-we-are-nr1/devel/share/gennodejs/ros/mirte_msgs/srv/SetPinMode.js
Symlinking /home/xavier/Personal/ro47007_MDP/group7-epic-mirte-master-we-are-nr1/devel/share/gennodejs/ros/mirte_msgs/srv/GetIMU.js
Symlinking /home/xavier/Personal/ro47007_MDP/group7-epic-mirte-master-we-are-nr1/devel/share/gennodejs/ros/mirte_msgs/srv/GetPinValue.js
Symlinking /home/xavier/Personal/ro47007_MDP/group7-epic-mirte-master-we-are-nr1/devel/share/gennodejs/ros/mirte_msgs/srv/Move.js
Symlinking /home/xavier/Personal/ro47007_MDP/group7-epic-mirte-master-we-are-nr1/devel/share/gennodejs/ros/mirte_msgs/msg/color.js
Symlinking /home/xavier/Personal/ro47007_MDP/group7-epic-mirte-master-we-are-nr1/devel/share/gennodejs/ros/mirte_msgs/msg/_index.js
Symlinking /home/xavier/Personal/ro47007_MDP/group7-epic-mirte-master-we-are-nr1/devel/share/gennodejs/ros/mirte_msgs/msg/Encoder.js
Symlinking /home/xavier/Personal/ro47007_MDP/group7-epic-mirte-master-we-are-nr1/devel/share/gennodejs/ros/mirte_msgs/msg/Keypad.js
Symlinking /home/xavier/Personal/ro47007_MDP/group7-epic-mirte-master-we-are-nr1/devel/share/gennodejs/ros/mirte_msgs/msg/ServoPosition.js
Symlinking /home/xavier/Personal/ro47007_MDP/group7-epic-mirte-master-we-are-nr1/devel/share/gennodejs/ros/mirte_msgs/msg/IntensityDigital.js
Symlinking /home/xavier/Personal/ro47007_MDP/group7-epic-mirte-master-we-are-nr1/devel/share/gennodejs/ros/mirte_msgs/msg/Intensity.js
Symlinking /home/xavier/Personal/ro47007_MDP/group7-epic-mirte-master-we-are-nr1/devel/share/common-lisp/ros/mirte_msgs/srv/_package_get_barcode.lisp
Symlinking /home/xavier/Personal/ro47007_MDP/group7-epic-mirte-master-we-are-nr1/devel/share/common-lisp/ros/mirte_msgs/srv/SetPinMode.lisp
Symlinking /home/xavier/Personal/ro47007_MDP/group7-epic-mirte-master-we-are-nr1/devel/share/common-lisp/ros/mirte_msgs/srv/Turn.lisp
Symlinking /home/xavier/Personal/ro47007_MDP/group7-epic-mirte-master-we-are-nr1/devel/share/common-lisp/ros/mirte_msgs/srv/_package_SetPinValue.lisp
Symlinking /home/xavier/Personal/ro47007_MDP/group7-epic-mirte-master-we-are-nr1/devel/share/common-lisp/ros/mirte_msgs/srv/SetPinValue.lisp
Symlinking /home/xavier/Personal/ro47007_MDP/group7-epic-mirte-master-we-are-nr1/devel/share/common-lisp/ros/mirte_msgs/srv/_package_SetServoAngle.lisp
Symlinking /home/xavier/Personal/ro47007_MDP/group7-epic-mirte-master-we-are-nr1/devel/share/common-lisp/ros/mirte_msgs/srv/get_virtual_color.lisp
Symlinking /home/xavier/Personal/ro47007_MDP/group7-epic-mirte-master-we-are-nr1/devel/share/common-lisp/ros/mirte_msgs/srv/SetMotorSpeed.lisp
Symlinking /home/xavier/Personal/ro47007_MDP/group7-epic-mirte-master-we-are-nr1/devel/share/common-lisp/ros/mirte_msgs/srv/_package_GetDistance.lisp
Symlinking /home/xavier/Personal/ro47007_MDP/group7-epic-mirte-master-we-are-nr1/devel/share/common-lisp/ros/mirte_msgs/srv/SetSingleLEDValue.lisp
Symlinking /home/xavier/Personal/ro47007_MDP/group7-epic-mirte-master-we-are-nr1/devel/share/common-lisp/ros/mirte_msgs/srv/_package_GetIntensity.lisp
Symlinking /home/xavier/Personal/ro47007_MDP/group7-epic-mirte-master-we-are-nr1/devel/share/common-lisp/ros/mirte_msgs/srv/_package_SetOLEDImage.lisp
Symlinking /home/xavier/Personal/ro47007_MDP/group7-epic-mirte-master-we-are-nr1/devel/share/common-lisp/ros/mirte_msgs/srv/GetIntensityDigital.lisp
Symlinking /home/xavier/Personal/ro47007_MDP/group7-epic-mirte-master-we-are-nr1/devel/share/common-lisp/ros/mirte_msgs/srv/_package_Turn.lisp
Symlinking /home/xavier/Personal/ro47007_MDP/group7-epic-mirte-master-we-are-nr1/devel/share/common-lisp/ros/mirte_msgs/srv/_package_GetPinValue.lisp
Symlinking /home/xavier/Personal/ro47007_MDP/group7-epic-mirte-master-we-are-nr1/devel/share/common-lisp/ros/mirte_msgs/srv/_package_Move.lisp
Symlinking /home/xavier/Personal/ro47007_MDP/group7-epic-mirte-master-we-are-nr1/devel/share/common-lisp/ros/mirte_msgs/srv/_package_GetRange.lisp
Symlinking /home/xavier/Personal/ro47007_MDP/group7-epic-mirte-master-we-are-nr1/devel/share/common-lisp/ros/mirte_msgs/srv/get_barcode.lisp
Symlinking /home/xavier/Personal/ro47007_MDP/group7-epic-mirte-master-we-are-nr1/devel/share/common-lisp/ros/mirte_msgs/srv/_package_SetPinMode.lisp
Symlinking /home/xavier/Personal/ro47007_MDP/group7-epic-mirte-master-we-are-nr1/devel/share/common-lisp/ros/mirte_msgs/srv/GetIntensity.lisp
Symlinking /home/xavier/Personal/ro47007_MDP/group7-epic-mirte-master-we-are-nr1/devel/share/common-lisp/ros/mirte_msgs/srv/SetServoAngle.lisp
Symlinking /home/xavier/Personal/ro47007_MDP/group7-epic-mirte-master-we-are-nr1/devel/share/common-lisp/ros/mirte_msgs/srv/GetRange.lisp
Symlinking /home/xavier/Personal/ro47007_MDP/group7-epic-mirte-master-we-are-nr1/devel/share/common-lisp/ros/mirte_msgs/srv/SetOLEDImage.lisp
Symlinking /home/xavier/Personal/ro47007_MDP/group7-epic-mirte-master-we-are-nr1/devel/share/common-lisp/ros/mirte_msgs/srv/GetIMU.lisp
Symlinking /home/xavier/Personal/ro47007_MDP/group7-epic-mirte-master-we-are-nr1/devel/share/common-lisp/ros/mirte_msgs/srv/_package.lisp
Symlinking /home/xavier/Personal/ro47007_MDP/group7-epic-mirte-master-we-are-nr1/devel/share/common-lisp/ros/mirte_msgs/srv/GetDistance.lisp
Symlinking /home/xavier/Personal/ro47007_MDP/group7-epic-mirte-master-we-are-nr1/devel/share/common-lisp/ros/mirte_msgs/srv/_package_get_virtual_color.lisp
Symlinking /home/xavier/Personal/ro47007_MDP/group7-epic-mirte-master-we-are-nr1/devel/share/common-lisp/ros/mirte_msgs/srv/_package_GetEncoder.lisp
Symlinking /home/xavier/Personal/ro47007_MDP/group7-epic-mirte-master-we-are-nr1/devel/share/common-lisp/ros/mirte_msgs/srv/_package_GetIntensityDigital.lisp
Symlinking /home/xavier/Personal/ro47007_MDP/group7-epic-mirte-master-we-are-nr1/devel/share/common-lisp/ros/mirte_msgs/srv/_package_GetIMU.lisp
Symlinking /home/xavier/Personal/ro47007_MDP/group7-epic-mirte-master-we-are-nr1/devel/share/common-lisp/ros/mirte_msgs/srv/GetEncoder.lisp
Symlinking /home/xavier/Personal/ro47007_MDP/group7-epic-mirte-master-we-are-nr1/devel/share/common-lisp/ros/mirte_msgs/srv/GetPinValue.lisp
Symlinking /home/xavier/Personal/ro47007_MDP/group7-epic-mirte-master-we-are-nr1/devel/share/common-lisp/ros/mirte_msgs/srv/Move.lisp
Symlinking /home/xavier/Personal/ro47007_MDP/group7-epic-mirte-master-we-are-nr1/devel/share/common-lisp/ros/mirte_msgs/srv/_package_SetSingleLEDValue.lisp
Symlinking /home/xavier/Personal/ro47007_MDP/group7-epic-mirte-master-we-are-nr1/devel/share/common-lisp/ros/mirte_msgs/srv/SetLEDValue.lisp
Symlinking /home/xavier/Personal/ro47007_MDP/group7-epic-mirte-master-we-are-nr1/devel/share/common-lisp/ros/mirte_msgs/srv/_package_SetLEDValue.lisp
Symlinking /home/xavier/Personal/ro47007_MDP/group7-epic-mirte-master-we-are-nr1/devel/share/common-lisp/ros/mirte_msgs/srv/_package_SetMotorSpeed.lisp
Symlinking /home/xavier/Personal/ro47007_MDP/group7-epic-mirte-master-we-are-nr1/devel/share/common-lisp/ros/mirte_msgs/srv/mirte_msgs-srv.asd
Symlinking /home/xavier/Personal/ro47007_MDP/group7-epic-mirte-master-we-are-nr1/devel/share/common-lisp/ros/mirte_msgs/srv/GetKeypad.lisp
Symlinking /home/xavier/Personal/ro47007_MDP/group7-epic-mirte-master-we-are-nr1/devel/share/common-lisp/ros/mirte_msgs/srv/_package_GetKeypad.lisp
Symlinking /home/xavier/Personal/ro47007_MDP/group7-epic-mirte-master-we-are-nr1/devel/share/common-lisp/ros/mirte_msgs/msg/color.lisp
Symlinking /home/xavier/Personal/ro47007_MDP/group7-epic-mirte-master-we-are-nr1/devel/share/common-lisp/ros/mirte_msgs/msg/_package_IntensityDigital.lisp
Symlinking /home/xavier/Personal/ro47007_MDP/group7-epic-mirte-master-we-are-nr1/devel/share/common-lisp/ros/mirte_msgs/msg/_package_Intensity.lisp
Symlinking /home/xavier/Personal/ro47007_MDP/group7-epic-mirte-master-we-are-nr1/devel/share/common-lisp/ros/mirte_msgs/msg/_package_Encoder.lisp
Symlinking /home/xavier/Personal/ro47007_MDP/group7-epic-mirte-master-we-are-nr1/devel/share/common-lisp/ros/mirte_msgs/msg/_package_ServoPosition.lisp
Symlinking /home/xavier/Personal/ro47007_MDP/group7-epic-mirte-master-we-are-nr1/devel/share/common-lisp/ros/mirte_msgs/msg/Keypad.lisp
Symlinking /home/xavier/Personal/ro47007_MDP/group7-epic-mirte-master-we-are-nr1/devel/share/common-lisp/ros/mirte_msgs/msg/ServoPosition.lisp
Symlinking /home/xavier/Personal/ro47007_MDP/group7-epic-mirte-master-we-are-nr1/devel/share/common-lisp/ros/mirte_msgs/msg/_package_color.lisp
Symlinking /home/xavier/Personal/ro47007_MDP/group7-epic-mirte-master-we-are-nr1/devel/share/common-lisp/ros/mirte_msgs/msg/Encoder.lisp
Symlinking /home/xavier/Personal/ro47007_MDP/group7-epic-mirte-master-we-are-nr1/devel/share/common-lisp/ros/mirte_msgs/msg/_package_Keypad.lisp
Symlinking /home/xavier/Personal/ro47007_MDP/group7-epic-mirte-master-we-are-nr1/devel/share/common-lisp/ros/mirte_msgs/msg/_package.lisp
Symlinking /home/xavier/Personal/ro47007_MDP/group7-epic-mirte-master-we-are-nr1/devel/share/common-lisp/ros/mirte_msgs/msg/IntensityDigital.lisp
Symlinking /home/xavier/Personal/ro47007_MDP/group7-epic-mirte-master-we-are-nr1/devel/share/common-lisp/ros/mirte_msgs/msg/mirte_msgs-msg.asd
Symlinking /home/xavier/Personal/ro47007_MDP/group7-epic-mirte-master-we-are-nr1/devel/share/common-lisp/ros/mirte_msgs/msg/Intensity.lisp
Symlinking /home/xavier/Personal/ro47007_MDP/group7-epic-mirte-master-we-are-nr1/devel/share/roseus/ros/mirte_msgs/manifest.l
Symlinking /home/xavier/Personal/ro47007_MDP/group7-epic-mirte-master-we-are-nr1/devel/share/roseus/ros/mirte_msgs/srv/SetSingleLEDValue.l
Symlinking /home/xavier/Personal/ro47007_MDP/group7-epic-mirte-master-we-are-nr1/devel/share/roseus/ros/mirte_msgs/srv/GetIntensity.l
Symlinking /home/xavier/Personal/ro47007_MDP/group7-epic-mirte-master-we-are-nr1/devel/share/roseus/ros/mirte_msgs/srv/SetOLEDImage.l
Symlinking /home/xavier/Personal/ro47007_MDP/group7-epic-mirte-master-we-are-nr1/devel/share/roseus/ros/mirte_msgs/srv/get_virtual_color.l
Symlinking /home/xavier/Personal/ro47007_MDP/group7-epic-mirte-master-we-are-nr1/devel/share/roseus/ros/mirte_msgs/srv/SetPinValue.l
Symlinking /home/xavier/Personal/ro47007_MDP/group7-epic-mirte-master-we-are-nr1/devel/share/roseus/ros/mirte_msgs/srv/SetLEDValue.l
Symlinking /home/xavier/Personal/ro47007_MDP/group7-epic-mirte-master-we-are-nr1/devel/share/roseus/ros/mirte_msgs/srv/SetServoAngle.l
Symlinking /home/xavier/Personal/ro47007_MDP/group7-epic-mirte-master-we-are-nr1/devel/share/roseus/ros/mirte_msgs/srv/GetRange.l
Symlinking /home/xavier/Personal/ro47007_MDP/group7-epic-mirte-master-we-are-nr1/devel/share/roseus/ros/mirte_msgs/srv/Move.l
Symlinking /home/xavier/Personal/ro47007_MDP/group7-epic-mirte-master-we-are-nr1/devel/share/roseus/ros/mirte_msgs/srv/GetDistance.l
Symlinking /home/xavier/Personal/ro47007_MDP/group7-epic-mirte-master-we-are-nr1/devel/share/roseus/ros/mirte_msgs/srv/GetIntensityDigital.l
Symlinking /home/xavier/Personal/ro47007_MDP/group7-epic-mirte-master-we-are-nr1/devel/share/roseus/ros/mirte_msgs/srv/GetKeypad.l
Symlinking /home/xavier/Personal/ro47007_MDP/group7-epic-mirte-master-we-are-nr1/devel/share/roseus/ros/mirte_msgs/srv/SetMotorSpeed.l
Symlinking /home/xavier/Personal/ro47007_MDP/group7-epic-mirte-master-we-are-nr1/devel/share/roseus/ros/mirte_msgs/srv/SetPinMode.l
Symlinking /home/xavier/Personal/ro47007_MDP/group7-epic-mirte-master-we-are-nr1/devel/share/roseus/ros/mirte_msgs/srv/GetIMU.l
Symlinking /home/xavier/Personal/ro47007_MDP/group7-epic-mirte-master-we-are-nr1/devel/share/roseus/ros/mirte_msgs/srv/GetEncoder.l
Symlinking /home/xavier/Personal/ro47007_MDP/group7-epic-mirte-master-we-are-nr1/devel/share/roseus/ros/mirte_msgs/srv/Turn.l
Symlinking /home/xavier/Personal/ro47007_MDP/group7-epic-mirte-master-we-are-nr1/devel/share/roseus/ros/mirte_msgs/srv/GetPinValue.l
Symlinking /home/xavier/Personal/ro47007_MDP/group7-epic-mirte-master-we-are-nr1/devel/share/roseus/ros/mirte_msgs/srv/get_barcode.l
Symlinking /home/xavier/Personal/ro47007_MDP/group7-epic-mirte-master-we-are-nr1/devel/share/roseus/ros/mirte_msgs/msg/IntensityDigital.l
Symlinking /home/xavier/Personal/ro47007_MDP/group7-epic-mirte-master-we-are-nr1/devel/share/roseus/ros/mirte_msgs/msg/ServoPosition.l
Symlinking /home/xavier/Personal/ro47007_MDP/group7-epic-mirte-master-we-are-nr1/devel/share/roseus/ros/mirte_msgs/msg/Encoder.l
Symlinking /home/xavier/Personal/ro47007_MDP/group7-epic-mirte-master-we-are-nr1/devel/share/roseus/ros/mirte_msgs/msg/Keypad.l
Symlinking /home/xavier/Personal/ro47007_MDP/group7-epic-mirte-master-we-are-nr1/devel/share/roseus/ros/mirte_msgs/msg/color.l
Symlinking /home/xavier/Personal/ro47007_MDP/group7-epic-mirte-master-we-are-nr1/devel/share/roseus/ros/mirte_msgs/msg/Intensity.l
Symlinking /home/xavier/Personal/ro47007_MDP/group7-epic-mirte-master-we-are-nr1/devel/share/mirte_msgs/cmake/mirte_msgs-msg-paths.cmake
Symlinking /home/xavier/Personal/ro47007_MDP/group7-epic-mirte-master-we-are-nr1/devel/share/mirte_msgs/cmake/mirte_msgsConfig-version.cmake
Symlinking /home/xavier/Personal/ro47007_MDP/group7-epic-mirte-master-we-are-nr1/devel/share/mirte_msgs/cmake/mirte_msgs-msg-extras.cmake
Symlinking /home/xavier/Personal/ro47007_MDP/group7-epic-mirte-master-we-are-nr1/devel/share/mirte_msgs/cmake/mirte_msgsConfig.cmake
Symlinking /home/xavier/Personal/ro47007_MDP/group7-epic-mirte-master-we-are-nr1/devel/include/mirte_msgs/GetEncoder.h
Symlinking /home/xavier/Personal/ro47007_MDP/group7-epic-mirte-master-we-are-nr1/devel/include/mirte_msgs/GetIMURequest.h
Symlinking /home/xavier/Personal/ro47007_MDP/group7-epic-mirte-master-we-are-nr1/devel/include/mirte_msgs/GetKeypadRequest.h
Symlinking /home/xavier/Personal/ro47007_MDP/group7-epic-mirte-master-we-are-nr1/devel/include/mirte_msgs/SetPinModeRequest.h
Symlinking /home/xavier/Personal/ro47007_MDP/group7-epic-mirte-master-we-are-nr1/devel/include/mirte_msgs/SetLEDValueRequest.h
Symlinking /home/xavier/Personal/ro47007_MDP/group7-epic-mirte-master-we-are-nr1/devel/include/mirte_msgs/ServoPosition.h
Symlinking /home/xavier/Personal/ro47007_MDP/group7-epic-mirte-master-we-are-nr1/devel/include/mirte_msgs/GetIntensity.h
Symlinking /home/xavier/Personal/ro47007_MDP/group7-epic-mirte-master-we-are-nr1/devel/include/mirte_msgs/GetDistance.h
Symlinking /home/xavier/Personal/ro47007_MDP/group7-epic-mirte-master-we-are-nr1/devel/include/mirte_msgs/GetIMU.h
Symlinking /home/xavier/Personal/ro47007_MDP/group7-epic-mirte-master-we-are-nr1/devel/include/mirte_msgs/SetServoAngle.h
Symlinking /home/xavier/Personal/ro47007_MDP/group7-epic-mirte-master-we-are-nr1/devel/include/mirte_msgs/SetPinModeResponse.h
Symlinking /home/xavier/Personal/ro47007_MDP/group7-epic-mirte-master-we-are-nr1/devel/include/mirte_msgs/Encoder.h
Symlinking /home/xavier/Personal/ro47007_MDP/group7-epic-mirte-master-we-are-nr1/devel/include/mirte_msgs/SetPinValue.h
Symlinking /home/xavier/Personal/ro47007_MDP/group7-epic-mirte-master-we-are-nr1/devel/include/mirte_msgs/GetPinValueResponse.h
Symlinking /home/xavier/Personal/ro47007_MDP/group7-epic-mirte-master-we-are-nr1/devel/include/mirte_msgs/get_barcodeRequest.h
Symlinking /home/xavier/Personal/ro47007_MDP/group7-epic-mirte-master-we-are-nr1/devel/include/mirte_msgs/SetSingleLEDValue.h
Symlinking /home/xavier/Personal/ro47007_MDP/group7-epic-mirte-master-we-are-nr1/devel/include/mirte_msgs/TurnResponse.h
Symlinking /home/xavier/Personal/ro47007_MDP/group7-epic-mirte-master-we-are-nr1/devel/include/mirte_msgs/GetIntensityDigitalRequest.h
Symlinking /home/xavier/Personal/ro47007_MDP/group7-epic-mirte-master-we-are-nr1/devel/include/mirte_msgs/get_virtual_colorRequest.h
Symlinking /home/xavier/Personal/ro47007_MDP/group7-epic-mirte-master-we-are-nr1/devel/include/mirte_msgs/SetPinMode.h
Symlinking /home/xavier/Personal/ro47007_MDP/group7-epic-mirte-master-we-are-nr1/devel/include/mirte_msgs/get_virtual_colorResponse.h
Symlinking /home/xavier/Personal/ro47007_MDP/group7-epic-mirte-master-we-are-nr1/devel/include/mirte_msgs/SetLEDValue.h
Symlinking /home/xavier/Personal/ro47007_MDP/group7-epic-mirte-master-we-are-nr1/devel/include/mirte_msgs/IntensityDigital.h
Symlinking /home/xavier/Personal/ro47007_MDP/group7-epic-mirte-master-we-are-nr1/devel/include/mirte_msgs/MoveRequest.h
Symlinking /home/xavier/Personal/ro47007_MDP/group7-epic-mirte-master-we-are-nr1/devel/include/mirte_msgs/TurnRequest.h
Symlinking /home/xavier/Personal/ro47007_MDP/group7-epic-mirte-master-we-are-nr1/devel/include/mirte_msgs/GetIntensityDigitalResponse.h
Symlinking /home/xavier/Personal/ro47007_MDP/group7-epic-mirte-master-we-are-nr1/devel/include/mirte_msgs/GetRange.h
Symlinking /home/xavier/Personal/ro47007_MDP/group7-epic-mirte-master-we-are-nr1/devel/include/mirte_msgs/GetRangeRequest.h
Symlinking /home/xavier/Personal/ro47007_MDP/group7-epic-mirte-master-we-are-nr1/devel/include/mirte_msgs/GetEncoderResponse.h
Symlinking /home/xavier/Personal/ro47007_MDP/group7-epic-mirte-master-we-are-nr1/devel/include/mirte_msgs/Intensity.h
Symlinking /home/xavier/Personal/ro47007_MDP/group7-epic-mirte-master-we-are-nr1/devel/include/mirte_msgs/GetDistanceResponse.h
Symlinking /home/xavier/Personal/ro47007_MDP/group7-epic-mirte-master-we-are-nr1/devel/include/mirte_msgs/GetDistanceRequest.h
Symlinking /home/xavier/Personal/ro47007_MDP/group7-epic-mirte-master-we-are-nr1/devel/include/mirte_msgs/SetSingleLEDValueRequest.h
Symlinking /home/xavier/Personal/ro47007_MDP/group7-epic-mirte-master-we-are-nr1/devel/include/mirte_msgs/SetSingleLEDValueResponse.h
Symlinking /home/xavier/Personal/ro47007_MDP/group7-epic-mirte-master-we-are-nr1/devel/include/mirte_msgs/GetPinValueRequest.h
Symlinking /home/xavier/Personal/ro47007_MDP/group7-epic-mirte-master-we-are-nr1/devel/include/mirte_msgs/SetPinValueResponse.h
Symlinking /home/xavier/Personal/ro47007_MDP/group7-epic-mirte-master-we-are-nr1/devel/include/mirte_msgs/GetKeypad.h
Symlinking /home/xavier/Personal/ro47007_MDP/group7-epic-mirte-master-we-are-nr1/devel/include/mirte_msgs/SetMotorSpeedRequest.h
Symlinking /home/xavier/Personal/ro47007_MDP/group7-epic-mirte-master-we-are-nr1/devel/include/mirte_msgs/SetOLEDImageRequest.h
Symlinking /home/xavier/Personal/ro47007_MDP/group7-epic-mirte-master-we-are-nr1/devel/include/mirte_msgs/MoveResponse.h
Symlinking /home/xavier/Personal/ro47007_MDP/group7-epic-mirte-master-we-are-nr1/devel/include/mirte_msgs/GetKeypadResponse.h
Symlinking /home/xavier/Personal/ro47007_MDP/group7-epic-mirte-master-we-are-nr1/devel/include/mirte_msgs/SetOLEDImage.h
Symlinking /home/xavier/Personal/ro47007_MDP/group7-epic-mirte-master-we-are-nr1/devel/include/mirte_msgs/Turn.h
Symlinking /home/xavier/Personal/ro47007_MDP/group7-epic-mirte-master-we-are-nr1/devel/include/mirte_msgs/color.h
Symlinking /home/xavier/Personal/ro47007_MDP/group7-epic-mirte-master-we-are-nr1/devel/include/mirte_msgs/get_barcode.h
Symlinking /home/xavier/Personal/ro47007_MDP/group7-epic-mirte-master-we-are-nr1/devel/include/mirte_msgs/SetServoAngleRequest.h
Symlinking /home/xavier/Personal/ro47007_MDP/group7-epic-mirte-master-we-are-nr1/devel/include/mirte_msgs/GetEncoderRequest.h
Symlinking /home/xavier/Personal/ro47007_MDP/group7-epic-mirte-master-we-are-nr1/devel/include/mirte_msgs/GetPinValue.h
Symlinking /home/xavier/Personal/ro47007_MDP/group7-epic-mirte-master-we-are-nr1/devel/include/mirte_msgs/Keypad.h
Symlinking /home/xavier/Personal/ro47007_MDP/group7-epic-mirte-master-we-are-nr1/devel/include/mirte_msgs/SetLEDValueResponse.h
Symlinking /home/xavier/Personal/ro47007_MDP/group7-epic-mirte-master-we-are-nr1/devel/include/mirte_msgs/SetMotorSpeed.h
Symlinking /home/xavier/Personal/ro47007_MDP/group7-epic-mirte-master-we-are-nr1/devel/include/mirte_msgs/SetOLEDImageResponse.h
Symlinking /home/xavier/Personal/ro47007_MDP/group7-epic-mirte-master-we-are-nr1/devel/include/mirte_msgs/SetMotorSpeedResponse.h
Symlinking /home/xavier/Personal/ro47007_MDP/group7-epic-mirte-master-we-are-nr1/devel/include/mirte_msgs/Move.h
Symlinking /home/xavier/Personal/ro47007_MDP/group7-epic-mirte-master-we-are-nr1/devel/include/mirte_msgs/GetIntensityRequest.h
Symlinking /home/xavier/Personal/ro47007_MDP/group7-epic-mirte-master-we-are-nr1/devel/include/mirte_msgs/GetRangeResponse.h
Symlinking /home/xavier/Personal/ro47007_MDP/group7-epic-mirte-master-we-are-nr1/devel/include/mirte_msgs/GetIMUResponse.h
Symlinking /home/xavier/Personal/ro47007_MDP/group7-epic-mirte-master-we-are-nr1/devel/include/mirte_msgs/GetIntensityResponse.h
Symlinking /home/xavier/Personal/ro47007_MDP/group7-epic-mirte-master-we-are-nr1/devel/include/mirte_msgs/get_virtual_color.h
Symlinking /home/xavier/Personal/ro47007_MDP/group7-epic-mirte-master-we-are-nr1/devel/include/mirte_msgs/GetIntensityDigital.h
Symlinking /home/xavier/Personal/ro47007_MDP/group7-epic-mirte-master-we-are-nr1/devel/include/mirte_msgs/SetPinValueRequest.h
Symlinking /home/xavier/Personal/ro47007_MDP/group7-epic-mirte-master-we-are-nr1/devel/include/mirte_msgs/SetServoAngleResponse.h
Symlinking /home/xavier/Personal/ro47007_MDP/group7-epic-mirte-master-we-are-nr1/devel/include/mirte_msgs/get_barcodeResponse.h
